<?xml version="1.0" encoding="UTF-8"?>
<!-- Generated by org.testng.reporters.JUnitReportReporter -->
<testsuite skipped="0" hostname="DBHOMEHP" name="com.bank.testsuite.BankTest" tests="1" failures="0" timestamp="2022-12-11T15:35:40 GMT" time="6.314" errors="0">
  <testcase name="bankManagerShouldAddCustomerSuccessfully" time="6.314" classname="com.bank.testsuite.BankTest"/>
  <system-out/>
</testsuite> <!-- com.bank.testsuite.BankTest -->
